生成启动时间为 2014/7/6 11:37:39。
     1>项目“D:\Visual C++ programs\PhotoDialog\PhotoDialog.vcxproj”在节点 2 上(Build 个目标)。
     1>ClCompile:
         D:\Program Files\Microsoft Visual Studio 12.0\VC\bin\CL.exe /c /ZI /nologo /W3 /WX- /sdl /Od /Oy- /D WIN32 /D _WINDOWS /D _DEBUG /D _UNICODE /D UNICODE /D _AFXDLL /Gm /EHsc /RTC1 /MDd /GS /fp:precise /Zc:wchar_t /Zc:forScope /Yu"stdafx.h" /Fp"Debug\PhotoDialog.pch" /Fo"Debug\\" /Fd"Debug\vc120.pdb" /Gd /TP /analyze- /errorReport:prompt PhotoDialogDlg.cpp
         PhotoDialogDlg.cpp
     1>d:\visual c++ programs\photodialog\resource.h(20): warning C4005: “IDC_ICON”: 宏重定义
                 c:\program files (x86)\windows kits\8.1\include\um\winuser.h(10075) : 参见“IDC_ICON”的前一个定义
       ResourceCompile:
         C:\Program Files (x86)\Windows Kits\8.1\bin\x86\rc.exe /D _DEBUG /D _UNICODE /D UNICODE /D _AFXDLL /l"0x0404" /IDebug\ /nologo /fo"Debug\PhotoDialog.res" PhotoDialog.rc 
       Link:
         D:\Program Files\Microsoft Visual Studio 12.0\VC\bin\link.exe /ERRORREPORT:PROMPT /OUT:"D:\Visual C++ programs\PhotoDialog\Debug\PhotoDialog.exe" /INCREMENTAL /NOLOGO /MANIFEST /MANIFESTUAC:"level='asInvoker' uiAccess='false'" /manifest:embed /manifestinput:"D:\Program Files\Microsoft Visual Studio 12.0\VC\Include\Manifest\dpiaware.manifest" /DEBUG /PDB:"D:\Visual C++ programs\PhotoDialog\Debug\PhotoDialog.pdb" /SUBSYSTEM:WINDOWS /TLBID:1 /ENTRY:"wWinMainCRTStartup" /DYNAMICBASE /NXCOMPAT /IMPLIB:"D:\Visual C++ programs\PhotoDialog\Debug\PhotoDialog.lib" /MACHINE:X86 Debug\PhotoDialog.res
         Debug\DialogPicture.obj
         Debug\DialogResult.obj
         Debug\Map.obj
         Debug\PhotoDialog.obj
         Debug\PhotoDialogDlg.obj
         Debug\PictureList.obj
         Debug\PictureRecord.obj
         Debug\stdafx.obj
         Debug\utility.obj
         Debug\VertexRecord.obj
         PhotoDialog.vcxproj -> D:\Visual C++ programs\PhotoDialog\Debug\PhotoDialog.exe
     1>已完成生成项目“D:\Visual C++ programs\PhotoDialog\PhotoDialog.vcxproj”(Build 个目标)的操作。

生成成功。

已用时间 00:00:07.28
