生成启动时间为 2014/7/3 23:52:22。
     1>项目“D:\Visual C++ programs\PhotoBook\PhotoBook.vcxproj”在节点 2 上(Build 个目标)。
     1>ClCompile:
         D:\Program Files\Microsoft Visual Studio 12.0\VC\bin\CL.exe /c /ZI /nologo /W3 /WX- /sdl /Od /Oy- /D WIN32 /D _DEBUG /D _CONSOLE /D _LIB /D _UNICODE /D UNICODE /Gm /EHsc /RTC1 /MDd /GS /fp:precise /Zc:wchar_t /Zc:forScope /Fo"Debug\\" /Fd"Debug\vc120.pdb" /Gd /TP /analyze- /errorReport:prompt PhotoKey.cpp PhotoList.cpp PhotoRecord.cpp VertexRecord.cpp client.cpp utility.cpp
         client.cpp
         VertexRecord.cpp
         PhotoRecord.cpp
         PhotoList.cpp
         PhotoKey.cpp
         正在生成代码...
         正在编译...
         utility.cpp
         正在生成代码...
       Link:
         D:\Program Files\Microsoft Visual Studio 12.0\VC\bin\link.exe /ERRORREPORT:PROMPT /OUT:"D:\Visual C++ programs\PhotoBook\Debug\PhotoBook.exe" /INCREMENTAL /NOLOGO kernel32.lib user32.lib gdi32.lib winspool.lib comdlg32.lib advapi32.lib shell32.lib ole32.lib oleaut32.lib uuid.lib odbc32.lib odbccp32.lib /MANIFEST /MANIFESTUAC:"level='asInvoker' uiAccess='false'" /manifest:embed /DEBUG /PDB:"D:\Visual C++ programs\PhotoBook\Debug\PhotoBook.pdb" /SUBSYSTEM:CONSOLE /TLBID:1 /DYNAMICBASE /NXCOMPAT /IMPLIB:"D:\Visual C++ programs\PhotoBook\Debug\PhotoBook.lib" /MACHINE:X86 Debug\client.obj
         Debug\utility.obj
         Debug\PhotoKey.obj
         Debug\PhotoList.obj
         Debug\PhotoRecord.obj
         Debug\VertexRecord.obj
         PhotoBook.vcxproj -> D:\Visual C++ programs\PhotoBook\Debug\PhotoBook.exe
     1>已完成生成项目“D:\Visual C++ programs\PhotoBook\PhotoBook.vcxproj”(Build 个目标)的操作。

生成成功。

已用时间 00:00:19.97
