生成启动时间为 2014/3/27 23:16:34。
     1>项目“D:\Visual C++ programs\Polynomial Arithmatic\Polynomial Arithmatic.vcxproj”在节点 2 上(Build 个目标)。
     1>ClCompile:
         D:\Program Files\Microsoft Visual Studio 12.0\VC\bin\CL.exe /c /ZI /nologo /W3 /WX- /sdl /Od /Oy- /D WIN32 /D _DEBUG /D _CONSOLE /D _LIB /D _UNICODE /D UNICODE /Gm /EHsc /RTC1 /MDd /GS /fp:precise /Zc:wchar_t /Zc:forScope /Fo"Debug\\" /Fd"Debug\vc120.pdb" /Gd /TP /analyze- /errorReport:prompt Polynomial.cpp Term.cpp client.cpp utility.cpp
         Polynomial.cpp
         正在生成代码...
         正在编译...
         utility.cpp
         client.cpp
         正在生成代码...
         正在跳过...(未检测到相关更改)
         Term.cpp
       Link:
         D:\Program Files\Microsoft Visual Studio 12.0\VC\bin\link.exe /ERRORREPORT:PROMPT /OUT:"D:\Visual C++ programs\Polynomial Arithmatic\Debug\Polynomial Arithmatic.exe" /INCREMENTAL /NOLOGO kernel32.lib user32.lib gdi32.lib winspool.lib comdlg32.lib advapi32.lib shell32.lib ole32.lib oleaut32.lib uuid.lib odbc32.lib odbccp32.lib /MANIFEST /MANIFESTUAC:"level='asInvoker' uiAccess='false'" /manifest:embed /DEBUG /PDB:"D:\Visual C++ programs\Polynomial Arithmatic\Debug\Polynomial Arithmatic.pdb" /SUBSYSTEM:CONSOLE /TLBID:1 /DYNAMICBASE /NXCOMPAT /IMPLIB:"D:\Visual C++ programs\Polynomial Arithmatic\Debug\Polynomial Arithmatic.lib" /MACHINE:X86 Debug\client.obj
         Debug\Polynomial.obj
         Debug\Term.obj
         Debug\utility.obj
         Polynomial Arithmatic.vcxproj -> D:\Visual C++ programs\Polynomial Arithmatic\Debug\Polynomial Arithmatic.exe
     1>已完成生成项目“D:\Visual C++ programs\Polynomial Arithmatic\Polynomial Arithmatic.vcxproj”(Build 个目标)的操作。

生成成功。

已用时间 00:00:05.64
